<?xml version="1.0" encoding="UTF-8" ?>
<testsuite tests="3" failures="0" name="owlapi.fhkb.fspopulation.CW3Test" time="1.669" errors="3" skipped="0">
  <properties>
[...]
</properties>
  <testcase classname="owlapi.fhkb.fspopulation.CW3Test" name="testPopulate" time="1.564">
    <error message="Unresolved compilation problem: 
	The method loadOntology(IRI) in the type OWLOntologyManager is not applicable for the arguments (InputStream)
" type="java.lang.Error">java.lang.Error: Unresolved compilation problem: 
	The method loadOntology(IRI) in the type OWLOntologyManager is not applicable for the arguments (InputStream)

	at owlapi.fhkb.fspopulation.CW3.loadOntology(CW3.java:42)
	at owlapi.fhkb.fspopulation.CW3Test.testPopulate(CW3Test.java:90)
</error>
    <system-err>SLF4J: Failed to load class &quot;org.slf4j.impl.StaticLoggerBinder&quot;.
SLF4J: Defaulting to no-operation (NOP) logger implementation
SLF4J: See http://www.slf4j.org/codes.html#StaticLoggerBinder for further details.
</system-err>
  </testcase>
  <testcase classname="owlapi.fhkb.fspopulation.CW3Test" name="testLoad" time="0.054">
    <error message="Unresolved compilation problem: 
	The method loadOntology(IRI) in the type OWLOntologyManager is not applicable for the arguments (InputStream)
" type="java.lang.Error">java.lang.Error: Unresolved compilation problem: 
	The method loadOntology(IRI) in the type OWLOntologyManager is not applicable for the arguments (InputStream)

	at owlapi.fhkb.fspopulation.CW3.loadOntology(CW3.java:42)
	at owlapi.fhkb.fspopulation.CW3Test.testLoad(CW3Test.java:33)
</error>
  </testcase>
  <testcase classname="owlapi.fhkb.fspopulation.CW3Test" name="testSave" time="0.051">
    <error message="Unresolved compilation problem: 
	The method loadOntology(IRI) in the type OWLOntologyManager is not applicable for the arguments (InputStream)
" type="java.lang.Error">java.lang.Error: Unresolved compilation problem: 
	The method loadOntology(IRI) in the type OWLOntologyManager is not applicable for the arguments (InputStream)

	at owlapi.fhkb.fspopulation.CW3.loadOntology(CW3.java:42)
	at owlapi.fhkb.fspopulation.CW3Test.testSave(CW3Test.java:52)
</error>
  </testcase>
</testsuite>